This is pdfTeX, Version 3.14159265-2.6-1.40.18 (TeX Live 2017/Debian) (preloaded format=pdflatex 2018.9.14)  3 OCT 2018 12:45
entering extended mode
 restricted \write18 enabled.
 %&-line parsing enabled.
**example-thesis.tex
(./example-thesis.tex
LaTeX2e <2017-04-15>
Babel <3.18> and hyphenation patterns for 84 language(s) loaded.
(/usr/share/texlive/texmf-dist/tex/latex/base/book.cls
Document Class: book 2014/09/29 v1.4h Standard LaTeX document class
(/usr/share/texlive/texmf-dist/tex/latex/base/bk10.clo
File: bk10.clo 2014/09/29 v1.4h Standard LaTeX file (size option)
)
\c@part=\count79
\c@chapter=\count80
\c@section=\count81
\c@subsection=\count82
\c@subsubsection=\count83
\c@paragraph=\count84
\c@subparagraph=\count85
\c@figure=\count86
\c@table=\count87
\abovecaptionskip=\skip41
\belowcaptionskip=\skip42
\bibindent=\dimen102
)
(/usr/share/texlive/texmf-dist/tex/latex/fancyhdr/fancyhdr.sty
Package: fancyhdr 2017/06/30 v3.9a Extensive control of page headers and footer
s
\f@nch@headwidth=\skip43
\f@nch@O@elh=\skip44
\f@nch@O@erh=\skip45
\f@nch@O@olh=\skip46
\f@nch@O@orh=\skip47
\f@nch@O@elf=\skip48
\f@nch@O@erf=\skip49
\f@nch@O@olf=\skip50
\f@nch@O@orf=\skip51
)
(/usr/share/texlive/texmf-dist/tex/latex/pdfpages/pdfpages.sty
Package: pdfpages 2017/10/31 v0.5l Insert pages of external PDF documents (AM)

(/usr/share/texlive/texmf-dist/tex/latex/base/ifthen.sty
Package: ifthen 2014/09/29 v1.1c Standard LaTeX ifthen package (DPC)
)
(/usr/share/texlive/texmf-dist/tex/latex/tools/calc.sty
Package: calc 2014/10/28 v4.3 Infix arithmetic (KKT,FJ)
\calc@Acount=\count88
\calc@Bcount=\count89
\calc@Adimen=\dimen103
\calc@Bdimen=\dimen104
\calc@Askip=\skip52
\calc@Bskip=\skip53
LaTeX Info: Redefining \setlength on input line 80.
LaTeX Info: Redefining \addtolength on input line 81.
\calc@Ccount=\count90
\calc@Cskip=\skip54
)
(/usr/share/texlive/texmf-dist/tex/latex/eso-pic/eso-pic.sty
Package: eso-pic 2015/07/21 v2.0g eso-pic (RN)

(/usr/share/texlive/texmf-dist/tex/generic/oberdiek/atbegshi.sty
Package: atbegshi 2016/06/09 v1.18 At begin shipout hook (HO)

(/usr/share/texlive/texmf-dist/tex/generic/oberdiek/infwarerr.sty
Package: infwarerr 2016/05/16 v1.4 Providing info/warning/error messages (HO)
)
(/usr/share/texlive/texmf-dist/tex/generic/oberdiek/ltxcmds.sty
Package: ltxcmds 2016/05/16 v1.23 LaTeX kernel commands for general use (HO)
)
(/usr/share/texlive/texmf-dist/tex/generic/oberdiek/ifpdf.sty
Package: ifpdf 2017/03/15 v3.2 Provides the ifpdf switch
))
(/usr/share/texlive/texmf-dist/tex/latex/graphics/keyval.sty
Package: keyval 2014/10/28 v1.15 key=value parser (DPC)
\KV@toks@=\toks14
)
(/usr/share/texlive/texmf-dist/tex/latex/xcolor/xcolor.sty
Package: xcolor 2016/05/11 v2.12 LaTeX color extensions (UK)

(/usr/share/texlive/texmf-dist/tex/latex/graphics-cfg/color.cfg
File: color.cfg 2016/01/02 v1.6 sample color configuration
)
Package xcolor Info: Driver file: pdftex.def on input line 225.

(/usr/share/texlive/texmf-dist/tex/latex/graphics-def/pdftex.def
File: pdftex.def 2018/01/08 v1.0l Graphics/color driver for pdftex
)
Package xcolor Info: Model `cmy' substituted by `cmy0' on input line 1348.
Package xcolor Info: Model `hsb' substituted by `rgb' on input line 1352.
Package xcolor Info: Model `RGB' extended on input line 1364.
Package xcolor Info: Model `HTML' substituted by `rgb' on input line 1366.
Package xcolor Info: Model `Hsb' substituted by `hsb' on input line 1367.
Package xcolor Info: Model `tHsb' substituted by `hsb' on input line 1368.
Package xcolor Info: Model `HSB' substituted by `hsb' on input line 1369.
Package xcolor Info: Model `Gray' substituted by `gray' on input line 1370.
Package xcolor Info: Model `wave' substituted by `hsb' on input line 1371.
))
(/usr/share/texlive/texmf-dist/tex/latex/graphics/graphicx.sty
Package: graphicx 2017/06/01 v1.1a Enhanced LaTeX Graphics (DPC,SPQR)

(/usr/share/texlive/texmf-dist/tex/latex/graphics/graphics.sty
Package: graphics 2017/06/25 v1.2c Standard LaTeX Graphics (DPC,SPQR)

(/usr/share/texlive/texmf-dist/tex/latex/graphics/trig.sty
Package: trig 2016/01/03 v1.10 sin cos tan (DPC)
)
(/usr/share/texlive/texmf-dist/tex/latex/graphics-cfg/graphics.cfg
File: graphics.cfg 2016/06/04 v1.11 sample graphics configuration
)
Package graphics Info: Driver file: pdftex.def on input line 99.
)
\Gin@req@height=\dimen105
\Gin@req@width=\dimen106
)
\AM@pagewidth=\dimen107
\AM@pageheight=\dimen108

(/usr/share/texlive/texmf-dist/tex/latex/pdfpages/pppdftex.def
File: pppdftex.def 2017/10/31 v0.5l Pdfpages driver for pdfTeX (AM)
)
\AM@pagebox=\box26
\AM@global@opts=\toks15
\AM@toc@title=\toks16
\c@AM@survey=\count91
\AM@templatesizebox=\box27
)
(./definitions-thesis.tex) (./example-thesis.aux)
\openout1 = `example-thesis.aux'.

LaTeX Font Info:    Checking defaults for OML/cmm/m/it on input line 18.
LaTeX Font Info:    ... okay on input line 18.
LaTeX Font Info:    Checking defaults for T1/cmr/m/n on input line 18.
LaTeX Font Info:    ... okay on input line 18.
LaTeX Font Info:    Checking defaults for OT1/cmr/m/n on input line 18.
LaTeX Font Info:    ... okay on input line 18.
LaTeX Font Info:    Checking defaults for OMS/cmsy/m/n on input line 18.
LaTeX Font Info:    ... okay on input line 18.
LaTeX Font Info:    Checking defaults for OMX/cmex/m/n on input line 18.
LaTeX Font Info:    ... okay on input line 18.
LaTeX Font Info:    Checking defaults for U/cmr/m/n on input line 18.
LaTeX Font Info:    ... okay on input line 18.
\AtBeginShipoutBox=\box28

(/usr/share/texlive/texmf-dist/tex/context/base/mkii/supp-pdf.mkii
[Loading MPS to PDF converter (version 2006.09.02).]
\scratchcounter=\count92
\scratchdimen=\dimen109
\scratchbox=\box29
\nofMPsegments=\count93
\nofMParguments=\count94
\everyMPshowfont=\toks17
\MPscratchCnt=\count95
\MPscratchDim=\dimen110
\MPnumerator=\count96
\makeMPintoPDFobject=\count97
\everyMPtoPDFconversion=\toks18
) (/usr/share/texlive/texmf-dist/tex/latex/oberdiek/epstopdf-base.sty
Package: epstopdf-base 2016/05/15 v2.6 Base part for package epstopdf

(/usr/share/texlive/texmf-dist/tex/latex/oberdiek/grfext.sty
Package: grfext 2016/05/16 v1.2 Manage graphics extensions (HO)

(/usr/share/texlive/texmf-dist/tex/generic/oberdiek/kvdefinekeys.sty
Package: kvdefinekeys 2016/05/16 v1.4 Define keys (HO)
))
(/usr/share/texlive/texmf-dist/tex/latex/oberdiek/kvoptions.sty
Package: kvoptions 2016/05/16 v3.12 Key value format for package options (HO)

(/usr/share/texlive/texmf-dist/tex/generic/oberdiek/kvsetkeys.sty
Package: kvsetkeys 2016/05/16 v1.17 Key value parser (HO)

(/usr/share/texlive/texmf-dist/tex/generic/oberdiek/etexcmds.sty
Package: etexcmds 2016/05/16 v1.6 Avoid name clashes with e-TeX commands (HO)

(/usr/share/texlive/texmf-dist/tex/generic/oberdiek/ifluatex.sty
Package: ifluatex 2016/05/16 v1.4 Provides the ifluatex switch (HO)
Package ifluatex Info: LuaTeX not detected.
)
Package etexcmds Info: Could not find \expanded.
(etexcmds)             That can mean that you are not using pdfTeX 1.50 or
(etexcmds)             that some package has redefined \expanded.
(etexcmds)             In the latter case, load this package earlier.
)))
(/usr/share/texlive/texmf-dist/tex/generic/oberdiek/pdftexcmds.sty
Package: pdftexcmds 2018/01/21 v0.26 Utility functions of pdfTeX for LuaTeX (HO
)
Package pdftexcmds Info: LuaTeX not detected.
Package pdftexcmds Info: \pdf@primitive is available.
Package pdftexcmds Info: \pdf@ifprimitive is available.
Package pdftexcmds Info: \pdfdraftmode found.
)
Package epstopdf-base Info: Redefining graphics rule for `.eps' on input line 4
38.
Package grfext Info: Graphics extension search list:
(grfext)             [.pdf,.png,.jpg,.mps,.jpeg,.jbig2,.jb2,.PDF,.PNG,.JPG,.JPE
G,.JBIG2,.JB2,.eps]
(grfext)             \AppendGraphicsExtensions on input line 456.

(/usr/share/texlive/texmf-dist/tex/latex/latexconfig/epstopdf-sys.cfg
File: epstopdf-sys.cfg 2010/07/13 v1.3 Configuration of (r)epstopdf for TeX Liv
e
))
(/usr/share/texlive/texmf-dist/tex/latex/oberdiek/pdflscape.sty
Package: pdflscape 2016/05/14 v0.11 Display of landscape pages in PDF (HO)

(/usr/share/texlive/texmf-dist/tex/latex/graphics/lscape.sty
Package: lscape 2000/10/22 v3.01 Landscape Pages (DPC)
)
Package pdflscape Info: Auto-detected driver: pdftex on input line 81.

(/usr/share/texlive/texmf-dist/tex/generic/ifxetex/ifxetex.sty
Package: ifxetex 2010/09/12 v0.6 Provides ifxetex conditional
))
<mdxlogo.PNG, id=1, 208.78pt x 93.34875pt>
File: mdxlogo.PNG Graphic file (type png)
<use mdxlogo.PNG>
Package pdftex.def Info: mdxlogo.PNG  used on input line 28.
(pdftex.def)             Requested size: 156.5846pt x 70.01138pt.
LaTeX Font Info:    External font `cmex10' loaded for size
(Font)              <7> on input line 32.
LaTeX Font Info:    External font `cmex10' loaded for size
(Font)              <5> on input line 32.
 [1



{/var/lib/texmf/fonts/map/pdftex/updmap/pdftex.map} <./mdxlogo.PNG>]
LaTeX Font Info:    Try loading font information for OMS+cmr on input line 70.

(/usr/share/texlive/texmf-dist/tex/latex/base/omscmr.fd
File: omscmr.fd 2014/09/29 v2.5h Standard LaTeX font definitions
)
LaTeX Font Info:    Font shape `OMS/cmr/m/n' in size <10> not available
(Font)              Font shape `OMS/cmsy/m/n' tried instead on input line 70.

Underfull \hbox (badness 10000) in paragraph at lines 75--76

 []

[1

] [2

] [3

] (./example-thesis.toc [4

])
\tf@toc=\write3
\openout3 = `example-thesis.toc'.

 [5]
Chapter 1.
[1


]
<gantt.png, id=32, 475.7775pt x 515.9275pt>
File: gantt.png Graphic file (type png)
<use gantt.png>
Package pdftex.def Info: gantt.png  used on input line 187.
(pdftex.def)             Requested size: 190.30762pt x 206.36734pt.
 [2] [3 <./gantt.png>]
Chapter 2.

Overfull \hbox (10.00055pt too wide) in paragraph at lines 204--205
\OT1/cmr/m/n/10 You can di-vide your Lit-er-a-ture Re-view into sev-eral sec-ti
ons, one for each topic/area
 []

[4

] [5]
Chapter 3.
[6

]
Chapter 4.
[7

] [8]
Chapter 5.
(./example-thesis.bbl [9

] [10]) [11

] [12

]
Appendix A.
[13

]
Appendix B.
<meetings.pdf, id=74, 597.432pt x 844.5954pt>
File: meetings.pdf Graphic file (type pdf)
<use meetings.pdf>
Package pdftex.def Info: meetings.pdf  used on input line 315.
(pdftex.def)             Requested size: 597.43054pt x 844.59334pt.
File: meetings.pdf Graphic file (type pdf)
<use meetings.pdf>
Package pdftex.def Info: meetings.pdf  used on input line 315.
(pdftex.def)             Requested size: 597.43054pt x 844.59334pt.
<meetings.pdf, id=77, page=1, 597.432pt x 844.5954pt>
File: meetings.pdf Graphic file (type pdf)
<use meetings.pdf, page 1>
Package pdftex.def Info: meetings.pdf , page1 used on input line 315.
(pdftex.def)             Requested size: 597.43054pt x 844.59334pt.
File: meetings.pdf Graphic file (type pdf)
<use meetings.pdf, page 1>
Package pdftex.def Info: meetings.pdf , page1 used on input line 315.
(pdftex.def)             Requested size: 448.0729pt x 633.44499pt.
[14

]
File: meetings.pdf Graphic file (type pdf)
<use meetings.pdf, page 1>
Package pdftex.def Info: meetings.pdf , page1 used on input line 315.
(pdftex.def)             Requested size: 448.0729pt x 633.44499pt.
File: meetings.pdf Graphic file (type pdf)
<use meetings.pdf, page 1>
Package pdftex.def Info: meetings.pdf , page1 used on input line 315.
(pdftex.def)             Requested size: 448.0729pt x 633.44499pt.
File: meetings.pdf Graphic file (type pdf)
<use meetings.pdf, page 1>
Package pdftex.def Info: meetings.pdf , page1 used on input line 315.
(pdftex.def)             Requested size: 448.0729pt x 633.44499pt.
 [15 <./meetings.pdf>]
Appendix C.
File: meetings.pdf Graphic file (type pdf)
<use meetings.pdf>
Package pdftex.def Info: meetings.pdf  used on input line 321.
(pdftex.def)             Requested size: 597.43054pt x 844.59334pt.
File: meetings.pdf Graphic file (type pdf)
<use meetings.pdf>
Package pdftex.def Info: meetings.pdf  used on input line 321.
(pdftex.def)             Requested size: 597.43054pt x 844.59334pt.
<meetings.pdf, id=91, page=6, 597.432pt x 844.5954pt>
File: meetings.pdf Graphic file (type pdf)
<use meetings.pdf, page 6>
Package pdftex.def Info: meetings.pdf , page6 used on input line 321.
(pdftex.def)             Requested size: 597.43054pt x 844.59334pt.
File: meetings.pdf Graphic file (type pdf)
<use meetings.pdf, page 6>
Package pdftex.def Info: meetings.pdf , page6 used on input line 321.
(pdftex.def)             Requested size: 562.71655pt x 795.51784pt.
[16

]
File: meetings.pdf Graphic file (type pdf)
<use meetings.pdf, page 6>
Package pdftex.def Info: meetings.pdf , page6 used on input line 321.
(pdftex.def)             Requested size: 562.71655pt x 795.51784pt.
File: meetings.pdf Graphic file (type pdf)
<use meetings.pdf, page 6>
Package pdftex.def Info: meetings.pdf , page6 used on input line 321.
(pdftex.def)             Requested size: 562.71655pt x 795.51784pt.
File: meetings.pdf Graphic file (type pdf)
<use meetings.pdf, page 6>
Package pdftex.def Info: meetings.pdf , page6 used on input line 321.
(pdftex.def)             Requested size: 562.71655pt x 795.51784pt.
 [17 <./meetings.pdf>] (./example-thesis.aux) ) 
Here is how much of TeX's memory you used:
 2965 strings out of 492982
 42352 string characters out of 6134896
 109650 words of memory out of 5000000
 6479 multiletter control sequences out of 15000+600000
 7237 words of font info for 26 fonts, out of 8000000 for 9000
 1141 hyphenation exceptions out of 8191
 41i,19n,46p,1023b,439s stack positions out of 5000i,500n,10000p,200000b,80000s
</usr/share/texlive/texmf-dist/f
onts/type1/public/amsfonts/cm/cmbx10.pfb></usr/share/texlive/texmf-dist/fonts/t
ype1/public/amsfonts/cm/cmbx12.pfb></usr/share/texlive/texmf-dist/fonts/type1/p
ublic/amsfonts/cm/cmmi10.pfb></usr/share/texlive/texmf-dist/fonts/type1/public/
amsfonts/cm/cmr10.pfb></usr/share/texlive/texmf-dist/fonts/type1/public/amsfont
s/cm/cmr17.pfb></usr/share/texlive/texmf-dist/fonts/type1/public/amsfonts/cm/cm
sl10.pfb></usr/share/texlive/texmf-dist/fonts/type1/public/amsfonts/cm/cmsy10.p
fb></usr/share/texlive/texmf-dist/fonts/type1/public/amsfonts/cm/cmti10.pfb></u
sr/share/texlive/texmf-dist/fonts/type1/public/amsfonts/cm/cmtt10.pfb>
Output written on example-thesis.pdf (23 pages, 222631 bytes).
PDF statistics:
 131 PDF objects out of 1000 (max. 8388607)
 80 compressed objects within 1 object stream
 0 named destinations out of 1000 (max. 500000)
 46 words of extra memory for PDF output out of 10000 (max. 10000000)

